<?xml version="1.0" encoding="UTF-8"?>
<testng-results ignored="0" total="1" passed="1" failed="0" skipped="0">
  <reporter-output>
  </reporter-output>
  <suite started-at="2022-08-14T07:13:18 IST" name="Suite" finished-at="2022-08-14T07:14:22 IST" duration-ms="64517">
    <groups>
    </groups>
    <test started-at="2022-08-14T07:13:18 IST" name="Test" finished-at="2022-08-14T07:14:22 IST" duration-ms="64517">
      <class name="TestFile.Ticket_Booking_Test">
        <test-method is-config="true" signature="navigateUrl()[pri:0, instance:TestFile.Ticket_Booking_Test@5003041b]" started-at="2022-08-14T07:13:18 IST" name="navigateUrl" finished-at="2022-08-14T07:13:50 IST" duration-ms="32244" status="PASS">
          <reporter-output>
          </reporter-output>
        </test-method> <!-- navigateUrl -->
        <test-method signature="assessment(java.lang.String,java.lang.String,java.lang.String,java.lang.String,java.lang.String,java.lang.String,java.lang.String)[pri:0, instance:TestFile.Ticket_Booking_Test@5003041b]" started-at="2022-08-14T07:13:50 IST" name="assessment" data-provider="busdetails" finished-at="2022-08-14T07:14:21 IST" duration-ms="30459" status="PASS">
          <params>
            <param index="0">
              <value>
                <![CDATA[Cameron Highlands]]>
              </value>
            </param>
            <param index="1">
              <value>
                <![CDATA[Kuala Lumpur]]>
              </value>
            </param>
            <param index="2">
              <value>
                <![CDATA[August 2022]]>
              </value>
            </param>
            <param index="3">
              <value>
                <![CDATA[RM 35.00]]>
              </value>
            </param>
            <param index="4">
              <value>
                <![CDATA[Viraj D. Utekar]]>
              </value>
            </param>
            <param index="5">
              <value>
                <![CDATA[9292929292]]>
              </value>
            </param>
            <param index="6">
              <value>
                <![CDATA[utekar29viraj@gmail.com]]>
              </value>
            </param>
          </params>
          <reporter-output>
          </reporter-output>
        </test-method> <!-- assessment -->
        <test-method is-config="true" signature="terminate()[pri:0, instance:TestFile.Ticket_Booking_Test@5003041b]" started-at="2022-08-14T07:14:21 IST" name="terminate" finished-at="2022-08-14T07:14:22 IST" duration-ms="1719" status="PASS">
          <reporter-output>
          </reporter-output>
        </test-method> <!-- terminate -->
      </class> <!-- TestFile.Ticket_Booking_Test -->
    </test> <!-- Test -->
  </suite> <!-- Suite -->
</testng-results>
