<?xml version="1.0" encoding="UTF-8"?>
<testng-results ignored="0" total="1" passed="0" failed="1" skipped="0">
  <reporter-output>
  </reporter-output>
  <suite started-at="2022-08-14T01:18:43 IST" name="Suite" finished-at="2022-08-14T01:19:16 IST" duration-ms="33166">
    <groups>
    </groups>
    <test started-at="2022-08-14T01:18:43 IST" name="Test" finished-at="2022-08-14T01:19:16 IST" duration-ms="33166">
      <class name="TestFile.Ticket_Booking_Test">
        <test-method is-config="true" signature="navigateUrl()[pri:0, instance:TestFile.Ticket_Booking_Test@24c22fe]" started-at="2022-08-14T01:18:43 IST" name="navigateUrl" finished-at="2022-08-14T01:19:04 IST" duration-ms="21194" status="PASS">
          <reporter-output>
          </reporter-output>
        </test-method> <!-- navigateUrl -->
        <test-method signature="assessment(java.lang.String,java.lang.String,java.lang.String,java.lang.String,java.lang.String,java.lang.String,java.lang.String)[pri:0, instance:TestFile.Ticket_Booking_Test@24c22fe]" started-at="2022-08-14T01:19:04 IST" name="assessment" data-provider="busdetails" finished-at="2022-08-14T01:19:16 IST" duration-ms="11849" status="FAIL">
          <params>
            <param index="0">
              <value>
                <![CDATA[Cameron Highlands]]>
              </value>
            </param>
            <param index="1">
              <value>
                <![CDATA[Kuala Lumpur]]>
              </value>
            </param>
            <param index="2">
              <value>
                <![CDATA[August 2022]]>
              </value>
            </param>
            <param index="3">
              <value>
                <![CDATA[RM 35.00]]>
              </value>
            </param>
            <param index="4">
              <value>
                <![CDATA[Viraj D. Utekar]]>
              </value>
            </param>
            <param index="5">
              <value>
                <![CDATA[9292929292]]>
              </value>
            </param>
            <param index="6">
              <value>
                <![CDATA[utekar29viraj@gmail.com]]>
              </value>
            </param>
          </params>
          <exception class="org.openqa.selenium.NoSuchElementException">
            <message>
              <![CDATA[Unable to find element with locator By.cssSelector: div#content > div > section > div > div.content-wrapper > div > div.form-group > input.payment_textName
For documentation on this error, please visit: https://selenium.dev/exceptions/#no_such_element
Build info: version: '4.4.0', revision: 'e5c75ed026a'
System info: host: 'VIRAJ-LAPTOP', ip: '192.168.56.1', os.name: 'Windows 10', os.arch: 'amd64', os.version: '10.0', java.version: '17.0.2'
Driver info: driver.version: RemoteWebDriver]]>
            </message>
            <full-stacktrace>
              <![CDATA[org.openqa.selenium.NoSuchElementException: Unable to find element with locator By.cssSelector: div#content > div > section > div > div.content-wrapper > div > div.form-group > input.payment_textName
For documentation on this error, please visit: https://selenium.dev/exceptions/#no_such_element
Build info: version: '4.4.0', revision: 'e5c75ed026a'
System info: host: 'VIRAJ-LAPTOP', ip: '192.168.56.1', os.name: 'Windows 10', os.arch: 'amd64', os.version: '10.0', java.version: '17.0.2'
Driver info: driver.version: RemoteWebDriver
at org.openqa.selenium.remote.ElementLocation$ElementFinder$2.findElement(ElementLocation.java:165)
at org.openqa.selenium.remote.ElementLocation.findElement(ElementLocation.java:60)
at org.openqa.selenium.remote.RemoteWebDriver.findElement(RemoteWebDriver.java:365)
at org.openqa.selenium.remote.RemoteWebDriver.findElement(RemoteWebDriver.java:357)
at PageObject.Passenger_Details_Page_Object.getFullNameField(Passenger_Details_Page_Object.java:26)
at PageObject.Passenger_Details_Page_Object.get_passenger_payment_details(Passenger_Details_Page_Object.java:43)
at TestFile.Ticket_Booking_Test.assessment(Ticket_Booking_Test.java:81)
at java.base/jdk.internal.reflect.NativeMethodAccessorImpl.invoke0(Native Method)
at java.base/jdk.internal.reflect.NativeMethodAccessorImpl.invoke(NativeMethodAccessorImpl.java:77)
at java.base/jdk.internal.reflect.DelegatingMethodAccessorImpl.invoke(DelegatingMethodAccessorImpl.java:43)
at java.base/java.lang.reflect.Method.invoke(Method.java:568)
at org.testng.internal.invokers.MethodInvocationHelper.invokeMethod(MethodInvocationHelper.java:139)
at org.testng.internal.invokers.TestInvoker.invokeMethod(TestInvoker.java:677)
at org.testng.internal.invokers.TestInvoker.invokeTestMethod(TestInvoker.java:221)
at org.testng.internal.invokers.MethodRunner.runInSequence(MethodRunner.java:50)
at org.testng.internal.invokers.TestInvoker$MethodInvocationAgent.invoke(TestInvoker.java:962)
at org.testng.internal.invokers.TestInvoker.invokeTestMethods(TestInvoker.java:194)
at org.testng.internal.invokers.TestMethodWorker.invokeTestMethods(TestMethodWorker.java:148)
at org.testng.internal.invokers.TestMethodWorker.run(TestMethodWorker.java:128)
at java.base/java.util.ArrayList.forEach(ArrayList.java:1511)
at org.testng.TestRunner.privateRun(TestRunner.java:806)
at org.testng.TestRunner.run(TestRunner.java:601)
at org.testng.SuiteRunner.runTest(SuiteRunner.java:433)
at org.testng.SuiteRunner.runSequentially(SuiteRunner.java:427)
at org.testng.SuiteRunner.privateRun(SuiteRunner.java:387)
at org.testng.SuiteRunner.run(SuiteRunner.java:330)
at org.testng.SuiteRunnerWorker.runSuite(SuiteRunnerWorker.java:52)
at org.testng.SuiteRunnerWorker.run(SuiteRunnerWorker.java:95)
at org.testng.TestNG.runSuitesSequentially(TestNG.java:1256)
at org.testng.TestNG.runSuitesLocally(TestNG.java:1176)
at org.testng.TestNG.runSuites(TestNG.java:1099)
at org.testng.TestNG.run(TestNG.java:1067)
at org.testng.remote.AbstractRemoteTestNG.run(AbstractRemoteTestNG.java:115)
at org.testng.remote.RemoteTestNG.initAndRun(RemoteTestNG.java:251)
at org.testng.remote.RemoteTestNG.main(RemoteTestNG.java:77)
]]>
            </full-stacktrace>
          </exception> <!-- org.openqa.selenium.NoSuchElementException -->
          <reporter-output>
          </reporter-output>
        </test-method> <!-- assessment -->
        <test-method is-config="true" signature="terminate()[pri:0, instance:TestFile.Ticket_Booking_Test@24c22fe]" started-at="2022-08-14T01:19:16 IST" name="terminate" finished-at="2022-08-14T01:19:16 IST" duration-ms="0" status="PASS">
          <reporter-output>
          </reporter-output>
        </test-method> <!-- terminate -->
      </class> <!-- TestFile.Ticket_Booking_Test -->
    </test> <!-- Test -->
  </suite> <!-- Suite -->
</testng-results>
